<?xml version="1.0" encoding="UTF-8"?>
<!-- Generated by org.testng.reporters.JUnitReportReporter -->
<testsuite hostname="Faizan" failures="0" tests="1" name="demoTest.Demo1Test" time="32.046" errors="0" timestamp="2025-10-10T11:48:53 IST" skipped="0">
  <testcase classname="demoTest.Demo1Test" name="case1" time="32.046"/>
</testsuite> <!-- demoTest.Demo1Test -->
