<?xml version="1.0" encoding="UTF-8"?>
<!-- Generated by org.testng.reporters.JUnitReportReporter -->
<testsuite hostname="Faizan" failures="0" tests="1" name="demoTest.Demo2Test" time="32.044" errors="0" timestamp="2025-10-10T11:48:53 IST" skipped="0">
  <testcase classname="demoTest.Demo2Test" name="case2" time="32.044"/>
</testsuite> <!-- demoTest.Demo2Test -->
