<?xml version="1.0" encoding="UTF-8"?>
<!-- Generated by org.testng.reporters.JUnitReportReporter -->
<testsuite hostname="Faizan" failures="0" tests="1" name="demoTest.Demo5Test" time="3.862" errors="0" timestamp="2025-10-11T08:42:47 IST" skipped="0">
  <testcase classname="demoTest.Demo5Test" name="case5" time="3.862"/>
</testsuite> <!-- demoTest.Demo5Test -->
