<?xml version="1.0" encoding="UTF-8"?>
<!-- Generated by org.testng.reporters.JUnitReportReporter -->
<testsuite hostname="Faizan" failures="0" tests="1" name="demoTest.Demo3Test" time="32.045" errors="0" timestamp="2025-10-10T11:48:53 IST" skipped="0">
  <testcase classname="demoTest.Demo3Test" name="case3" time="32.045"/>
</testsuite> <!-- demoTest.Demo3Test -->
