<?xml version="1.0" encoding="UTF-8"?>
<!-- Generated by org.testng.reporters.JUnitReportReporter -->
<testsuite hostname="Faizan" failures="0" tests="1" name="sampleTest.DemoTest" time="4.303" errors="0" timestamp="2025-10-02T18:29:59 IST" skipped="0">
  <testcase classname="sampleTest.DemoTest" name="sub" time="4.303"/>
</testsuite> <!-- sampleTest.DemoTest -->
