<?xml version="1.0" encoding="UTF-8"?>
<!-- Generated by org.testng.reporters.JUnitReportReporter -->
<testsuite hostname="Faizan" failures="0" tests="1" name="demoTest.SampleTest" time="4.277" errors="0" timestamp="2025-10-02T18:27:14 IST" skipped="0">
  <testcase classname="demoTest.SampleTest" name="sub" time="4.277"/>
</testsuite> <!-- demoTest.SampleTest -->
